  Aircraft.cpp
C:\Users\mihap\OneDrive\Робочий стіл\Програмування\ProjectC++\SFML\SFML\Aircraft.cpp(4,10): fatal  error C1083: Cannot open include file: 'SFML/Graphics/RenderTarget.hpp': No such file or directory
  Button.cpp
C:\Users\mihap\OneDrive\Робочий стіл\Програмування\ProjectC++\SFML\SFML\Button.cpp(1,10): fatal  error C1083: Cannot open include file: 'SFML/Window/Event.hpp': No such file or directory
  Category.h
  Command.cpp
C:\Users\mihap\OneDrive\Робочий стіл\Програмування\ProjectC++\SFML\SFML\Command.h(6,10): fatal  error C1083: Cannot open include file: 'SFML/System/Time.hpp': No such file or directory
  CommandQueue.cpp
C:\Users\mihap\OneDrive\Робочий стіл\Програмування\ProjectC++\SFML\SFML\Command.h(6,10): fatal  error C1083: Cannot open include file: 'SFML/System/Time.hpp': No such file or directory
  CommandQueue.h
C:\Users\mihap\OneDrive\Робочий стіл\Програмування\ProjectC++\SFML\SFML\Command.h(6,10): fatal  error C1083: Cannot open include file: 'SFML/System/Time.hpp': No such file or directory
  Component.cpp
C:\Users\mihap\OneDrive\Робочий стіл\Програмування\ProjectC++\SFML\SFML\Component.h(5,10): fatal  error C1083: Cannot open include file: 'SFML/System/NonCopyable.hpp': No such file or directory
  Container.cpp
C:\Users\mihap\OneDrive\Робочий стіл\Програмування\ProjectC++\SFML\SFML\Component.h(5,10): fatal  error C1083: Cannot open include file: 'SFML/System/NonCopyable.hpp': No such file or directory
  DataTables.cpp
C:\Users\mihap\OneDrive\Робочий стіл\Програмування\ProjectC++\SFML\SFML\DataTables.h(6,10): fatal  error C1083: Cannot open include file: 'SFML/System/Time.hpp': No such file or directory
  Entity.cpp
C:\Users\mihap\OneDrive\Робочий стіл\Програмування\ProjectC++\SFML\SFML\SceneNode.h(3,10): fatal  error C1083: Cannot open include file: 'SFML/System/NonCopyable.hpp': No such file or directory
  Game.cpp
C:\Users\mihap\OneDrive\Робочий стіл\Програмування\ProjectC++\SFML\SFML\Game.h(3,10): fatal  error C1083: Cannot open include file: 'SFML/System/Time.hpp': No such file or directory
  GameOverState.cpp
C:\Users\mihap\OneDrive\Робочий стіл\Програмування\ProjectC++\SFML\SFML\GameOverState.h(3,10): fatal  error C1083: Cannot open include file: 'SFML/Graphics/Sprite.hpp': No such file or directory
  GameState.cpp
C:\Users\mihap\OneDrive\Робочий стіл\Програмування\ProjectC++\SFML\SFML\GameState.h(3,10): fatal  error C1083: Cannot open include file: 'SFML/Graphics/Sprite.hpp': No such file or directory
  Label.cpp
C:\Users\mihap\OneDrive\Робочий стіл\Програмування\ProjectC++\SFML\SFML\Label.cpp(1,10): fatal  error C1083: Cannot open include file: 'SFML/Graphics/RenderStates.hpp': No such file or directory
  Main.cpp
C:\Users\mihap\OneDrive\Робочий стіл\Програмування\ProjectC++\SFML\SFML\Game.h(3,10): fatal  error C1083: Cannot open include file: 'SFML/System/Time.hpp': No such file or directory
  MenuState.cpp
C:\Users\mihap\OneDrive\Робочий стіл\Програмування\ProjectC++\SFML\SFML\MenuState.cpp(1,10): fatal  error C1083: Cannot open include file: 'SFML/Graphics/RenderWindow.hpp': No such file or directory
  ParticleNode.cpp
C:\Users\mihap\OneDrive\Робочий стіл\Програмування\ProjectC++\SFML\SFML\ParticleNode.cpp(3,10): fatal  error C1083: Cannot open include file: 'SFML/Graphics/RenderTarget.hpp': No such file or directory
  PauseState.cpp
C:\Users\mihap\OneDrive\Робочий стіл\Програмування\ProjectC++\SFML\SFML\PauseState.cpp(1,10): fatal  error C1083: Cannot open include file: 'SFML/Graphics/RectangleShape.hpp': No such file or directory
  Pickup.cpp
C:\Users\mihap\OneDrive\Робочий стіл\Програмування\ProjectC++\SFML\SFML\Pickup.cpp(1,10): fatal  error C1083: Cannot open include file: 'SFML/Graphics/RenderTarget.hpp': No such file or directory
  Player.cpp
C:\Users\mihap\OneDrive\Робочий стіл\Програмування\ProjectC++\SFML\SFML\Player.h(5,10): fatal  error C1083: Cannot open include file: 'SFML/Window/Event.hpp': No such file or directory
  Generating Code...
  Compiling...
  Projectile.cpp
C:\Users\mihap\OneDrive\Робочий стіл\Програмування\ProjectC++\SFML\SFML\Projectile.cpp(4,10): fatal  error C1083: Cannot open include file: 'SFML/Graphics/RenderTarget.hpp': No such file or directory
  SceneNode.cpp
C:\Users\mihap\OneDrive\Робочий стіл\Програмування\ProjectC++\SFML\SFML\SceneNode.cpp(5,10): fatal  error C1083: Cannot open include file: 'SFML/Graphics/RectangleShape.hpp': No such file or directory
  SettingsState.cpp
C:\Users\mihap\OneDrive\Робочий стіл\Програмування\ProjectC++\SFML\SFML\SettingsState.cpp(1,10): fatal  error C1083: Cannot open include file: 'SFML/Graphics/RenderWindow.hpp': No such file or directory
  SpriteNode.cpp
C:\Users\mihap\OneDrive\Робочий стіл\Програмування\ProjectC++\SFML\SFML\SpriteNode.h(3,10): fatal  error C1083: Cannot open include file: 'SFML/Graphics.hpp': No such file or directory
  State.cpp
C:\Users\mihap\OneDrive\Робочий стіл\Програмування\ProjectC++\SFML\SFML\State.h(5,10): fatal  error C1083: Cannot open include file: 'SFML/System/Time.hpp': No such file or directory
  StateStack.cpp
C:\Users\mihap\OneDrive\Робочий стіл\Програмування\ProjectC++\SFML\SFML\StateStack.h(8,10): fatal  error C1083: Cannot open include file: 'SFML/System/NonCopyable.hpp': No such file or directory
  StateStack.h
C:\Users\mihap\OneDrive\Робочий стіл\Програмування\ProjectC++\SFML\SFML\StateStack.h(8,10): fatal  error C1083: Cannot open include file: 'SFML/System/NonCopyable.hpp': No such file or directory
  TextNode.cpp
C:\Users\mihap\OneDrive\Робочий стіл\Програмування\ProjectC++\SFML\SFML\TextNode.cpp(1,10): fatal  error C1083: Cannot open include file: 'SFML/Graphics/RenderTarget.hpp': No such file or directory
  TitleState.cpp
C:\Users\mihap\OneDrive\Робочий стіл\Програмування\ProjectC++\SFML\SFML\TitleState.cpp(1,10): fatal  error C1083: Cannot open include file: 'SFML/Graphics/RenderWindow.hpp': No such file or directory
  Utility.cpp
C:\Users\mihap\OneDrive\Робочий стіл\Програмування\ProjectC++\SFML\SFML\Utility.hpp(5,10): fatal  error C1083: Cannot open include file: 'SFML/Window/Keyboard.hpp': No such file or directory
  World.cpp
C:\Users\mihap\OneDrive\Робочий стіл\Програмування\ProjectC++\SFML\SFML\World.cpp(5,10): fatal  error C1083: Cannot open include file: 'SFML/Graphics/RenderWindow.hpp': No such file or directory
  Generating Code...
