c:\users\mihap\onedrive\робочий стіл\програмування\projectc++\sfml\x64\debug\sfml-audio-d-2.dll
c:\users\mihap\onedrive\робочий стіл\програмування\projectc++\sfml\x64\debug\sfml-system-d-2.dll
c:\users\mihap\onedrive\робочий стіл\програмування\projectc++\sfml\x64\debug\openal32.dll
c:\users\mihap\onedrive\робочий стіл\програмування\projectc++\sfml\x64\debug\vorbisenc.dll
c:\users\mihap\onedrive\робочий стіл\програмування\projectc++\sfml\x64\debug\vorbis.dll
c:\users\mihap\onedrive\робочий стіл\програмування\projectc++\sfml\x64\debug\ogg.dll
c:\users\mihap\onedrive\робочий стіл\програмування\projectc++\sfml\x64\debug\vorbisfile.dll
c:\users\mihap\onedrive\робочий стіл\програмування\projectc++\sfml\x64\debug\flac.dll
c:\users\mihap\onedrive\робочий стіл\програмування\projectc++\sfml\x64\debug\sfml-graphics-d-2.dll
c:\users\mihap\onedrive\робочий стіл\програмування\projectc++\sfml\x64\debug\sfml-window-d-2.dll
c:\users\mihap\onedrive\робочий стіл\програмування\projectc++\sfml\x64\debug\freetyped.dll
c:\users\mihap\onedrive\робочий стіл\програмування\projectc++\sfml\x64\debug\zlibd1.dll
c:\users\mihap\onedrive\робочий стіл\програмування\projectc++\sfml\x64\debug\bz2d.dll
c:\users\mihap\onedrive\робочий стіл\програмування\projectc++\sfml\x64\debug\libpng16d.dll
c:\users\mihap\onedrive\робочий стіл\програмування\projectc++\sfml\x64\debug\brotlidec.dll
c:\users\mihap\onedrive\робочий стіл\програмування\projectc++\sfml\x64\debug\brotlicommon.dll
c:\users\mihap\onedrive\робочий стіл\програмування\projectc++\sfml\x64\debug\sfml-network-d-2.dll
c:\users\mihap\onedrive\робочий стіл\програмування\projectc++\sfml\sfml\x64\debug\vc143.pdb
c:\users\mihap\onedrive\робочий стіл\програмування\projectc++\sfml\sfml\x64\debug\vc143.idb
c:\users\mihap\onedrive\робочий стіл\програмування\projectc++\sfml\sfml\x64\debug\main.obj
c:\users\mihap\onedrive\робочий стіл\програмування\projectc++\sfml\sfml\x64\debug\label.obj
c:\users\mihap\onedrive\робочий стіл\програмування\projectc++\sfml\sfml\x64\debug\keybinding.obj
c:\users\mihap\onedrive\робочий стіл\програмування\projectc++\sfml\sfml\x64\debug\gamestate.obj
c:\users\mihap\onedrive\робочий стіл\програмування\projectc++\sfml\sfml\x64\debug\gameserver.obj
c:\users\mihap\onedrive\робочий стіл\програмування\projectc++\sfml\sfml\x64\debug\gameoverstate.obj
c:\users\mihap\onedrive\робочий стіл\програмування\projectc++\sfml\sfml\x64\debug\game.obj
c:\users\mihap\onedrive\робочий стіл\програмування\projectc++\sfml\sfml\x64\debug\entity.obj
c:\users\mihap\onedrive\робочий стіл\програмування\projectc++\sfml\sfml\x64\debug\emmiternode.obj
c:\users\mihap\onedrive\робочий стіл\програмування\projectc++\sfml\sfml\x64\debug\datatables.obj
c:\users\mihap\onedrive\робочий стіл\програмування\projectc++\sfml\sfml\x64\debug\container.obj
c:\users\mihap\onedrive\робочий стіл\програмування\projectc++\sfml\sfml\x64\debug\component.obj
c:\users\mihap\onedrive\робочий стіл\програмування\projectc++\sfml\sfml\x64\debug\commandqueue.obj
c:\users\mihap\onedrive\робочий стіл\програмування\projectc++\sfml\sfml\x64\debug\command.obj
c:\users\mihap\onedrive\робочий стіл\програмування\projectc++\sfml\sfml\x64\debug\category.obj
c:\users\mihap\onedrive\робочий стіл\програмування\projectc++\sfml\sfml\x64\debug\button.obj
c:\users\mihap\onedrive\робочий стіл\програмування\projectc++\sfml\sfml\x64\debug\bloomeffect.obj
c:\users\mihap\onedrive\робочий стіл\програмування\projectc++\sfml\sfml\x64\debug\animation.obj
c:\users\mihap\onedrive\робочий стіл\програмування\projectc++\sfml\sfml\x64\debug\aircraft.obj
c:\users\mihap\onedrive\робочий стіл\програмування\projectc++\sfml\sfml\x64\debug\titlestate.obj
c:\users\mihap\onedrive\робочий стіл\програмування\projectc++\sfml\sfml\x64\debug\textnode.obj
c:\users\mihap\onedrive\робочий стіл\програмування\projectc++\sfml\sfml\x64\debug\statestack.obj
c:\users\mihap\onedrive\робочий стіл\програмування\projectc++\sfml\sfml\x64\debug\state.obj
c:\users\mihap\onedrive\робочий стіл\програмування\projectc++\sfml\sfml\x64\debug\spritenode.obj
c:\users\mihap\onedrive\робочий стіл\програмування\projectc++\sfml\sfml\x64\debug\soundplayer.obj
c:\users\mihap\onedrive\робочий стіл\програмування\projectc++\sfml\sfml\x64\debug\soundnode.obj
c:\users\mihap\onedrive\робочий стіл\програмування\projectc++\sfml\sfml\x64\debug\settingsstate.obj
c:\users\mihap\onedrive\робочий стіл\програмування\projectc++\sfml\sfml\x64\debug\scenenode.obj
c:\users\mihap\onedrive\робочий стіл\програмування\projectc++\sfml\sfml\x64\debug\projectile.obj
c:\users\mihap\onedrive\робочий стіл\програмування\projectc++\sfml\sfml\x64\debug\posteffect.obj
c:\users\mihap\onedrive\робочий стіл\програмування\projectc++\sfml\sfml\x64\debug\player.obj
c:\users\mihap\onedrive\робочий стіл\програмування\projectc++\sfml\sfml\x64\debug\pickup.obj
c:\users\mihap\onedrive\робочий стіл\програмування\projectc++\sfml\sfml\x64\debug\pausestate.obj
c:\users\mihap\onedrive\робочий стіл\програмування\projectc++\sfml\sfml\x64\debug\particlenode.obj
c:\users\mihap\onedrive\робочий стіл\програмування\projectc++\sfml\sfml\x64\debug\networknode.obj
c:\users\mihap\onedrive\робочий стіл\програмування\projectc++\sfml\sfml\x64\debug\musicplayer.obj
c:\users\mihap\onedrive\робочий стіл\програмування\projectc++\sfml\sfml\x64\debug\multiplayergamestate.obj
c:\users\mihap\onedrive\робочий стіл\програмування\projectc++\sfml\sfml\x64\debug\menustate.obj
c:\users\mihap\onedrive\робочий стіл\програмування\projectc++\sfml\sfml\x64\debug\world.obj
c:\users\mihap\onedrive\робочий стіл\програмування\projectc++\sfml\sfml\x64\debug\utility.obj
c:\users\mihap\onedrive\робочий стіл\програмування\projectc++\sfml\sfml\x64\debug\!sfml.ilk
c:\users\mihap\onedrive\робочий стіл\програмування\projectc++\sfml\x64\debug\!sfml.pdb
c:\users\mihap\onedrive\робочий стіл\програмування\projectc++\sfml\sfml\x64\debug\!sfml.tlog\!sfml.write.1u.tlog
c:\users\mihap\onedrive\робочий стіл\програмування\projectc++\sfml\sfml\x64\debug\!sfml.tlog\cl.command.1.tlog
c:\users\mihap\onedrive\робочий стіл\програмування\projectc++\sfml\sfml\x64\debug\!sfml.tlog\cl.items.tlog
c:\users\mihap\onedrive\робочий стіл\програмування\projectc++\sfml\sfml\x64\debug\!sfml.tlog\cl.read.1.tlog
c:\users\mihap\onedrive\робочий стіл\програмування\projectc++\sfml\sfml\x64\debug\!sfml.tlog\cl.write.1.tlog
c:\users\mihap\onedrive\робочий стіл\програмування\projectc++\sfml\sfml\x64\debug\!sfml.tlog\link-cvtres.read.1.tlog
c:\users\mihap\onedrive\робочий стіл\програмування\projectc++\sfml\sfml\x64\debug\!sfml.tlog\link-cvtres.write.1.tlog
c:\users\mihap\onedrive\робочий стіл\програмування\projectc++\sfml\sfml\x64\debug\!sfml.tlog\link-rc.read.1.tlog
c:\users\mihap\onedrive\робочий стіл\програмування\projectc++\sfml\sfml\x64\debug\!sfml.tlog\link-rc.write.1.tlog
c:\users\mihap\onedrive\робочий стіл\програмування\projectc++\sfml\sfml\x64\debug\!sfml.tlog\link.700-cvtres.read.1.tlog
c:\users\mihap\onedrive\робочий стіл\програмування\projectc++\sfml\sfml\x64\debug\!sfml.tlog\link.700-cvtres.write.1.tlog
c:\users\mihap\onedrive\робочий стіл\програмування\projectc++\sfml\sfml\x64\debug\!sfml.tlog\link.700-rc.read.1.tlog
c:\users\mihap\onedrive\робочий стіл\програмування\projectc++\sfml\sfml\x64\debug\!sfml.tlog\link.700-rc.write.1.tlog
c:\users\mihap\onedrive\робочий стіл\програмування\projectc++\sfml\sfml\x64\debug\!sfml.tlog\link.700.read.1.tlog
c:\users\mihap\onedrive\робочий стіл\програмування\projectc++\sfml\sfml\x64\debug\!sfml.tlog\link.700.read.2.tlog
c:\users\mihap\onedrive\робочий стіл\програмування\projectc++\sfml\sfml\x64\debug\!sfml.tlog\link.700.write.1.tlog
c:\users\mihap\onedrive\робочий стіл\програмування\projectc++\sfml\sfml\x64\debug\!sfml.tlog\link.command.1.tlog
c:\users\mihap\onedrive\робочий стіл\програмування\projectc++\sfml\sfml\x64\debug\!sfml.tlog\link.read.1.tlog
c:\users\mihap\onedrive\робочий стіл\програмування\projectc++\sfml\sfml\x64\debug\!sfml.tlog\link.read.2.tlog
c:\users\mihap\onedrive\робочий стіл\програмування\projectc++\sfml\sfml\x64\debug\!sfml.tlog\link.secondary.1.tlog
c:\users\mihap\onedrive\робочий стіл\програмування\projectc++\sfml\sfml\x64\debug\!sfml.tlog\link.write.1.tlog
